c:\users\windows 10\documents\visual studio 2015\projects\distancemeasuring\distancemeasuring\debug\distancemeasuring.pch
c:\users\windows 10\documents\visual studio 2015\projects\distancemeasuring\distancemeasuring\debug\vc140.pdb
c:\users\windows 10\documents\visual studio 2015\projects\distancemeasuring\distancemeasuring\debug\vc140.idb
c:\users\windows 10\documents\visual studio 2015\projects\distancemeasuring\distancemeasuring\debug\pch.obj
c:\users\windows 10\documents\visual studio 2015\projects\distancemeasuring\distancemeasuring\debug\mainpage.xaml.obj
c:\users\windows 10\documents\visual studio 2015\projects\distancemeasuring\distancemeasuring\debug\xamltypeinfo.impl.g.obj
c:\users\windows 10\documents\visual studio 2015\projects\distancemeasuring\distancemeasuring\debug\app.xaml.obj
c:\users\windows 10\documents\visual studio 2015\projects\distancemeasuring\distancemeasuring\debug\xamltypeinfo.g.obj
c:\users\windows 10\documents\visual studio 2015\projects\distancemeasuring\debug\distancemeasuring\distancemeasuring.winmd
c:\users\windows 10\documents\visual studio 2015\projects\distancemeasuring\debug\distancemeasuring\distancemeasuring.lib
c:\users\windows 10\documents\visual studio 2015\projects\distancemeasuring\debug\distancemeasuring\distancemeasuring.exp
c:\users\windows 10\documents\visual studio 2015\projects\distancemeasuring\distancemeasuring\generated files\app.g.h
c:\users\windows 10\documents\visual studio 2015\projects\distancemeasuring\distancemeasuring\generated files\mainpage.g.h
c:\users\windows 10\documents\visual studio 2015\projects\distancemeasuring\distancemeasuring\generated files\xamllibmetadataprovider.g.cpp
c:\users\windows 10\documents\visual studio 2015\projects\distancemeasuring\distancemeasuring\generated files\xamltypeinfo.impl.g.cpp
c:\users\windows 10\documents\visual studio 2015\projects\distancemeasuring\distancemeasuring\generated files\app.xaml
c:\users\windows 10\documents\visual studio 2015\projects\distancemeasuring\distancemeasuring\generated files\mainpage.xaml
c:\users\windows 10\documents\visual studio 2015\projects\distancemeasuring\distancemeasuring\generated files\app.xbf
c:\users\windows 10\documents\visual studio 2015\projects\distancemeasuring\distancemeasuring\generated files\mainpage.xbf
c:\users\windows 10\documents\visual studio 2015\projects\distancemeasuring\distancemeasuring\debug\xamlsavestatefile.xml
c:\users\windows 10\documents\visual studio 2015\projects\distancemeasuring\distancemeasuring\generated files\xamltypeinfo.g.cpp
c:\users\windows 10\documents\visual studio 2015\projects\distancemeasuring\debug\distancemeasuring\app.xbf
c:\users\windows 10\documents\visual studio 2015\projects\distancemeasuring\debug\distancemeasuring\mainpage.xbf
c:\users\windows 10\documents\visual studio 2015\projects\distancemeasuring\distancemeasuring\debug\priconfig.xml
c:\users\windows 10\documents\visual studio 2015\projects\distancemeasuring\distancemeasuring\debug\priconfig.xml.intermediate
c:\users\windows 10\documents\visual studio 2015\projects\distancemeasuring\distancemeasuring\debug\layout.resfiles
c:\users\windows 10\documents\visual studio 2015\projects\distancemeasuring\distancemeasuring\debug\layout.resfiles.intermediate
c:\users\windows 10\documents\visual studio 2015\projects\distancemeasuring\distancemeasuring\debug\resources.resfiles
c:\users\windows 10\documents\visual studio 2015\projects\distancemeasuring\distancemeasuring\debug\resources.resfiles.intermediate
c:\users\windows 10\documents\visual studio 2015\projects\distancemeasuring\distancemeasuring\debug\pri.resfiles
c:\users\windows 10\documents\visual studio 2015\projects\distancemeasuring\distancemeasuring\debug\pri.resfiles.intermediate
c:\users\windows 10\documents\visual studio 2015\projects\distancemeasuring\debug\distancemeasuring\resources.pri
c:\users\windows 10\documents\visual studio 2015\projects\distancemeasuring\distancemeasuring\debug\qualifiers.txt
c:\users\windows 10\documents\visual studio 2015\projects\distancemeasuring\distancemeasuring\debug\qualifiers.txt.intermediate
c:\users\windows 10\documents\visual studio 2015\projects\distancemeasuring\distancemeasuring\debug\multiplequalifiersperdimensionfound.txt
c:\users\windows 10\documents\visual studio 2015\projects\distancemeasuring\distancemeasuring\debug\projectarchitectures.txt
c:\users\windows 10\documents\visual studio 2015\projects\distancemeasuring\debug\distancemeasuring\appxmanifest.xml
c:\users\windows 10\documents\visual studio 2015\projects\distancemeasuring\debug\distancemeasuring\distancemeasuring.build.appxrecipe
c:\users\windows 10\documents\visual studio 2015\projects\distancemeasuring\distancemeasuring\debug\distance.f6e703a2.tlog\distancemeasuring.winmd.lastbuild
c:\users\windows 10\documents\visual studio 2015\projects\distancemeasuring\debug\distancemeasuring\distancemeasuring.ilk
c:\users\windows 10\documents\visual studio 2015\projects\distancemeasuring\debug\distancemeasuring\distancemeasuring.exe
c:\users\windows 10\documents\visual studio 2015\projects\distancemeasuring\debug\distancemeasuring\distancemeasuring.pdb
c:\users\windows 10\documents\visual studio 2015\projects\distancemeasuring\distancemeasuring\debug\embed.resfiles
c:\users\windows 10\documents\visual studio 2015\projects\distancemeasuring\distancemeasuring\debug\distance.f6e703a2.tlog\cl.command.1.tlog
c:\users\windows 10\documents\visual studio 2015\projects\distancemeasuring\distancemeasuring\debug\distance.f6e703a2.tlog\cl.read.1.tlog
c:\users\windows 10\documents\visual studio 2015\projects\distancemeasuring\distancemeasuring\debug\distance.f6e703a2.tlog\cl.write.1.tlog
c:\users\windows 10\documents\visual studio 2015\projects\distancemeasuring\distancemeasuring\debug\distance.f6e703a2.tlog\distancemeasuring.read.1u.tlog
c:\users\windows 10\documents\visual studio 2015\projects\distancemeasuring\distancemeasuring\debug\distance.f6e703a2.tlog\distancemeasuring.write.1u.tlog
c:\users\windows 10\documents\visual studio 2015\projects\distancemeasuring\distancemeasuring\debug\distance.f6e703a2.tlog\link.command.1.tlog
c:\users\windows 10\documents\visual studio 2015\projects\distancemeasuring\distancemeasuring\debug\distance.f6e703a2.tlog\link.read.1.tlog
c:\users\windows 10\documents\visual studio 2015\projects\distancemeasuring\distancemeasuring\debug\distance.f6e703a2.tlog\link.write.1.tlog
c:\users\windows 10\documents\visual studio 2015\projects\distancemeasuring\distancemeasuring\generated files\xamlbindinginfo.g.h
c:\users\windows 10\documents\visual studio 2015\projects\distancemeasuring\distancemeasuring\generated files\xamltypeinfo.g.h
